<?xml version="1.0" encoding="UTF-8"?>
<testsuite name="example.cashcard.CashCardApplicationTests" tests="1" skipped="0" failures="0" errors="0" timestamp="2024-06-13T13:46:24" hostname="testes-Air.lan" time="0.406">
  <properties/>
  <testcase name="contextLoads()" classname="example.cashcard.CashCardApplicationTests" time="0.406"/>
  <system-out><![CDATA[14:46:22.941 [Test worker] INFO org.springframework.test.context.support.AnnotationConfigContextLoaderUtils -- Could not detect default configuration classes for test class [example.cashcard.CashCardApplicationTests]: CashCardApplicationTests does not declare any static, non-private, non-final, nested classes annotated with @Configuration.
14:46:22.986 [Test worker] INFO org.springframework.boot.test.context.SpringBootTestContextBootstrapper -- Found @SpringBootConfiguration example.cashcard.CashCardApplication for test class example.cashcard.CashCardApplicationTests
  .   ____          _            __ _ _
 /\\ / ___'_ __ _ _(_)_ __  __ _ \ \ \ \
( ( )\___ | '_ | '_| | '_ \/ _` | \ \ \ \
 \\/  ___)| |_)| | | | | || (_| |  ) ) ) )
  '  |____| .__|_| |_|_| |_\__, | / / / /
 =========|_|==============|___/=/_/_/_/

 :: Spring Boot ::                (v3.3.0)

2024-06-13T14:46:23.147+01:00  INFO 17311 --- [cashcard] [    Test worker] e.cashcard.CashCardApplicationTests      : Starting CashCardApplicationTests using Java 20.0.1 with PID 17311 (started by jose in /Users/jose/Desktop/Vitor/spring-rest-api)
2024-06-13T14:46:23.148+01:00  INFO 17311 --- [cashcard] [    Test worker] e.cashcard.CashCardApplicationTests      : No active profile set, falling back to 1 default profile: "default"
2024-06-13T14:46:23.480+01:00  INFO 17311 --- [cashcard] [    Test worker] .s.d.r.c.RepositoryConfigurationDelegate : Bootstrapping Spring Data JDBC repositories in DEFAULT mode.
2024-06-13T14:46:23.500+01:00  INFO 17311 --- [cashcard] [    Test worker] .s.d.r.c.RepositoryConfigurationDelegate : Finished Spring Data repository scanning in 18 ms. Found 1 JDBC repository interface.
2024-06-13T14:46:23.647+01:00  INFO 17311 --- [cashcard] [    Test worker] o.s.j.d.e.EmbeddedDatabaseFactory        : Starting embedded database: url='jdbc:h2:mem:21075b86-af1f-42f9-9bde-5b69b3616dc6;DB_CLOSE_DELAY=-1;DB_CLOSE_ON_EXIT=false', username='sa'
2024-06-13T14:46:24.204+01:00  INFO 17311 --- [cashcard] [    Test worker] r$InitializeUserDetailsManagerConfigurer : Global AuthenticationManager configured with UserDetailsService bean with name testOnlyUsers
2024-06-13T14:46:24.324+01:00  INFO 17311 --- [cashcard] [    Test worker] o.s.s.web.DefaultSecurityFilterChain     : Will secure any request with [org.springframework.security.web.session.DisableEncodeUrlFilter@316d30ad, org.springframework.security.web.context.request.async.WebAsyncManagerIntegrationFilter@3ea75b05, org.springframework.security.web.context.SecurityContextHolderFilter@2af9a5ef, org.springframework.security.web.header.HeaderWriterFilter@7c3c453b, org.springframework.web.filter.CorsFilter@30d5e37c, org.springframework.security.web.authentication.logout.LogoutFilter@1d77746b, org.springframework.security.web.authentication.www.BasicAuthenticationFilter@9c0d0bd, org.springframework.security.web.savedrequest.RequestCacheAwareFilter@6736f40f, org.springframework.security.web.servletapi.SecurityContextHolderAwareRequestFilter@faec277, org.springframework.security.web.authentication.AnonymousAuthenticationFilter@1da745a2, org.springframework.security.web.access.ExceptionTranslationFilter@6cceb281, org.springframework.security.web.access.intercept.AuthorizationFilter@1b1e1f02]
2024-06-13T14:46:24.456+01:00  INFO 17311 --- [cashcard] [    Test worker] e.cashcard.CashCardApplicationTests      : Started CashCardApplicationTests in 1.408 seconds (process running for 1.944)
]]></system-out>
  <system-err><![CDATA[]]></system-err>
</testsuite>
